<?xml version="1.0" encoding="UTF-8"?>
<robot generator="Robot 6.1.1 (Python 3.12.3 on linux)" generated="20241118 17:59:37.148" rpa="false" schemaversion="4">
<suite id="s1" name="Home" source="/home/sadlaiho/Documents/Kurssit/Ohjelmistotuotanto/palautusrepositorio/viikko3/web-login/src/tests/home.robot">
<kw name="Open And Configure Browser" library="resource" type="SETUP">
<if>
<branch type="IF" condition="$BROWSER == 'chrome'">
<kw name="Evaluate" library="BuiltIn">
<var>${options}</var>
<arg>sys.modules['selenium.webdriver'].ChromeOptions()</arg>
<arg>sys</arg>
<doc>Evaluates the given expression in Python and returns the result.</doc>
<msg timestamp="20241118 17:59:37.339" level="INFO">${options} = &lt;selenium.webdriver.chrome.options.Options object at 0x7535875d7050&gt;</msg>
<status status="PASS" starttime="20241118 17:59:37.339" endtime="20241118 17:59:37.339"/>
</kw>
<status status="PASS" starttime="20241118 17:59:37.339" endtime="20241118 17:59:37.339"/>
</branch>
<branch type="ELSE IF" condition="$BROWSER == 'firefox'">
<kw name="Evaluate" library="BuiltIn">
<var>${options}</var>
<arg>sys.modules['selenium.webdriver'].FirefoxOptions()</arg>
<arg>sys</arg>
<doc>Evaluates the given expression in Python and returns the result.</doc>
<status status="NOT RUN" starttime="20241118 17:59:37.340" endtime="20241118 17:59:37.340"/>
</kw>
<status status="NOT RUN" starttime="20241118 17:59:37.339" endtime="20241118 17:59:37.340"/>
</branch>
<status status="PASS" starttime="20241118 17:59:37.339" endtime="20241118 17:59:37.340"/>
</if>
<if>
<branch type="IF" condition="$HEADLESS == 'true'">
<kw name="Set Selenium Speed" library="SeleniumLibrary">
<arg>0</arg>
<doc>Sets the delay that is waited after each Selenium command.</doc>
<status status="NOT RUN" starttime="20241118 17:59:37.340" endtime="20241118 17:59:37.340"/>
</kw>
<kw name="Call Method" library="BuiltIn">
<arg>${options}</arg>
<arg>add_argument</arg>
<arg>--headless</arg>
<doc>Calls the named method of the given object with the provided arguments.</doc>
<status status="NOT RUN" starttime="20241118 17:59:37.340" endtime="20241118 17:59:37.340"/>
</kw>
<status status="NOT RUN" starttime="20241118 17:59:37.340" endtime="20241118 17:59:37.340"/>
</branch>
<branch type="ELSE">
<kw name="Set Selenium Speed" library="SeleniumLibrary">
<arg>${DELAY}</arg>
<doc>Sets the delay that is waited after each Selenium command.</doc>
<status status="PASS" starttime="20241118 17:59:37.340" endtime="20241118 17:59:37.341"/>
</kw>
<status status="PASS" starttime="20241118 17:59:37.340" endtime="20241118 17:59:37.341"/>
</branch>
<status status="PASS" starttime="20241118 17:59:37.340" endtime="20241118 17:59:37.341"/>
</if>
<kw name="Open Browser" library="SeleniumLibrary">
<arg>browser=${BROWSER}</arg>
<arg>options=${options}</arg>
<doc>Opens a new browser instance to the optional ``url``.</doc>
<msg timestamp="20241118 17:59:37.341" level="INFO">Opening browser 'chrome' to base url 'None'.</msg>
<status status="PASS" starttime="20241118 17:59:37.341" endtime="20241118 17:59:38.086"/>
</kw>
<status status="PASS" starttime="20241118 17:59:37.338" endtime="20241118 17:59:38.086"/>
</kw>
<test id="s1-t1" name="Click Login Link" line="8">
<kw name="Reset Application And Go To Starting Page" type="SETUP">
<kw name="Reset Application" library="AppLibrary">
<status status="PASS" starttime="20241118 17:59:38.088" endtime="20241118 17:59:38.093"/>
</kw>
<kw name="Go To ${HOME_URL}">
<msg timestamp="20241118 17:59:38.100" level="FAIL">No keyword with name 'Go To ${HOME_URL}' found. Did you try using keyword 'SeleniumLibrary.Go To' and forgot to use enough whitespace between keyword and arguments?</msg>
<status status="FAIL" starttime="20241118 17:59:38.100" endtime="20241118 17:59:38.100"/>
</kw>
<status status="FAIL" starttime="20241118 17:59:38.087" endtime="20241118 17:59:38.100"/>
</kw>
<status status="FAIL" starttime="20241118 17:59:38.086" endtime="20241118 17:59:38.101">Setup failed:
No keyword with name 'Go To ${HOME_URL}' found. Did you try using keyword 'SeleniumLibrary.Go To' and forgot to use enough whitespace between keyword and arguments?</status>
</test>
<test id="s1-t2" name="Click Register Link" line="12">
<kw name="Reset Application And Go To Starting Page" type="SETUP">
<kw name="Reset Application" library="AppLibrary">
<status status="PASS" starttime="20241118 17:59:38.103" endtime="20241118 17:59:38.107"/>
</kw>
<kw name="Go To ${HOME_URL}">
<msg timestamp="20241118 17:59:38.111" level="FAIL">No keyword with name 'Go To ${HOME_URL}' found. Did you try using keyword 'SeleniumLibrary.Go To' and forgot to use enough whitespace between keyword and arguments?</msg>
<status status="FAIL" starttime="20241118 17:59:38.111" endtime="20241118 17:59:38.112"/>
</kw>
<status status="FAIL" starttime="20241118 17:59:38.102" endtime="20241118 17:59:38.112"/>
</kw>
<status status="FAIL" starttime="20241118 17:59:38.101" endtime="20241118 17:59:38.112">Setup failed:
No keyword with name 'Go To ${HOME_URL}' found. Did you try using keyword 'SeleniumLibrary.Go To' and forgot to use enough whitespace between keyword and arguments?</status>
</test>
<kw name="Close Browser" library="SeleniumLibrary" type="TEARDOWN">
<doc>Closes the current browser.</doc>
<status status="PASS" starttime="20241118 17:59:38.114" endtime="20241118 17:59:38.707"/>
</kw>
<status status="FAIL" starttime="20241118 17:59:37.148" endtime="20241118 17:59:38.707"/>
</suite>
<statistics>
<total>
<stat pass="0" fail="2" skip="0">All Tests</stat>
</total>
<tag>
</tag>
<suite>
<stat pass="0" fail="2" skip="0" id="s1" name="Home">Home</stat>
</suite>
</statistics>
<errors>
</errors>
</robot>
